Determining if the pthread_create exist failed with the following output:
Change Dir: /home/cuser/Justin/CSV_Parse/build/CMakeFiles/CMakeTmp

Run Build Command:/usr/bin/gmake "cmTryCompileExec2522892758/fast"
/usr/bin/gmake -f CMakeFiles/cmTryCompileExec2522892758.dir/build.make CMakeFiles/cmTryCompileExec2522892758.dir/build
gmake[1]: Entering directory `/home/cuser/Justin/CSV_Parse/build/CMakeFiles/CMakeTmp'
/usr/bin/cmake -E cmake_progress_report /home/cuser/Justin/CSV_Parse/build/CMakeFiles/CMakeTmp/CMakeFiles 1
Building C object CMakeFiles/cmTryCompileExec2522892758.dir/CheckSymbolExists.c.o
/usr/bin/cc    -o CMakeFiles/cmTryCompileExec2522892758.dir/CheckSymbolExists.c.o   -c /home/cuser/Justin/CSV_Parse/build/CMakeFiles/CMakeTmp/CheckSymbolExists.c
Linking C executable cmTryCompileExec2522892758
/usr/bin/cmake -E cmake_link_script CMakeFiles/cmTryCompileExec2522892758.dir/link.txt --verbose=1
/usr/bin/cc       CMakeFiles/cmTryCompileExec2522892758.dir/CheckSymbolExists.c.o  -o cmTryCompileExec2522892758 -rdynamic 
CMakeFiles/cmTryCompileExec2522892758.dir/CheckSymbolExists.c.o: In function `main':
CheckSymbolExists.c:(.text+0x16): undefined reference to `pthread_create'
collect2: error: ld returned 1 exit status
gmake[1]: Leaving directory `/home/cuser/Justin/CSV_Parse/build/CMakeFiles/CMakeTmp'
gmake[1]: *** [cmTryCompileExec2522892758] Error 1
gmake: *** [cmTryCompileExec2522892758/fast] Error 2

File /home/cuser/Justin/CSV_Parse/build/CMakeFiles/CMakeTmp/CheckSymbolExists.c:
/* */
#include <pthread.h>

int main(int argc, char** argv)
{
  (void)argv;
#ifndef pthread_create
  return ((int*)(&pthread_create))[argc];
#else
  (void)argc;
  return 0;
#endif
}

Determining if the function pthread_create exists in the pthreads failed with the following output:
Change Dir: /home/cuser/Justin/CSV_Parse/build/CMakeFiles/CMakeTmp

Run Build Command:/usr/bin/gmake "cmTryCompileExec3629384552/fast"
/usr/bin/gmake -f CMakeFiles/cmTryCompileExec3629384552.dir/build.make CMakeFiles/cmTryCompileExec3629384552.dir/build
gmake[1]: Entering directory `/home/cuser/Justin/CSV_Parse/build/CMakeFiles/CMakeTmp'
/usr/bin/cmake -E cmake_progress_report /home/cuser/Justin/CSV_Parse/build/CMakeFiles/CMakeTmp/CMakeFiles 1
Building C object CMakeFiles/cmTryCompileExec3629384552.dir/CheckFunctionExists.c.o
/usr/bin/cc   -DCHECK_FUNCTION_EXISTS=pthread_create   -o CMakeFiles/cmTryCompileExec3629384552.dir/CheckFunctionExists.c.o   -c /usr/share/cmake/Modules/CheckFunctionExists.c
Linking C executable cmTryCompileExec3629384552
/usr/bin/cmake -E cmake_link_script CMakeFiles/cmTryCompileExec3629384552.dir/link.txt --verbose=1
/usr/bin/cc   -DCHECK_FUNCTION_EXISTS=pthread_create    CMakeFiles/cmTryCompileExec3629384552.dir/CheckFunctionExists.c.o  -o cmTryCompileExec3629384552 -rdynamic -lpthreads 
/usr/bin/ld: cannot find -lpthreads
collect2: error: ld returned 1 exit status
gmake[1]: Leaving directory `/home/cuser/Justin/CSV_Parse/build/CMakeFiles/CMakeTmp'
gmake[1]: *** [cmTryCompileExec3629384552] Error 1
gmake: *** [cmTryCompileExec3629384552/fast] Error 2


